<?xml version="1.0" encoding="UTF-8"?>
<testng-results ignored="0" total="2" passed="2" failed="0" skipped="0">
  <reporter-output>
  </reporter-output>
  <suite started-at="2019-03-31T07:54:05Z" name="Suite" finished-at="2019-03-31T07:54:57Z" duration-ms="51952">
    <groups>
    </groups>
    <test started-at="2019-03-31T07:54:05Z" name="Test" finished-at="2019-03-31T07:54:57Z" duration-ms="51952">
      <class name="Automation.Auto.TestMegaMenu_SummerDresses">
        <test-method signature="f(java.lang.String)[pri:0, instance:Automation.Auto.TestMegaMenu_SummerDresses@5ab9e72c]" started-at="2019-03-31T07:54:05Z" name="f" finished-at="2019-03-31T07:54:39Z" duration-ms="34573" status="PASS">
          <params>
            <param index="0">
              <value>
                <![CDATA[C]]>
              </value>
            </param>
          </params>
          <reporter-output>
          </reporter-output>
        </test-method> <!-- f -->
      </class> <!-- Automation.Auto.TestMegaMenu_SummerDresses -->
      <class name="Automation.Auto.TestLoginError">
        <test-method signature="f(java.lang.String)[pri:0, instance:Automation.Auto.TestLoginError@11c9af63]" started-at="2019-03-31T07:54:39Z" name="f" finished-at="2019-03-31T07:54:57Z" duration-ms="17283" status="PASS">
          <params>
            <param index="0">
              <value>
                <![CDATA[C]]>
              </value>
            </param>
          </params>
          <reporter-output>
          </reporter-output>
        </test-method> <!-- f -->
      </class> <!-- Automation.Auto.TestLoginError -->
    </test> <!-- Test -->
  </suite> <!-- Suite -->
</testng-results>
